[INFO ] 2020-03-17 12:34:01.783 [main] Log - Модуль чтения excel-файлов подключен
[INFO ] 2020-03-17 12:34:03.321 [main] Log - RemoteWebDriver инициализировали
[INFO ] 2020-03-17 12:34:03.440 [main] Log - Установили заданный размер окна браузера
[INFO ] 2020-03-17 12:34:11.641 [main] Log - Открыли страницу Kufar
[INFO ] 2020-03-17 12:34:12.248 [main] Log - Нашли поле поиска
[INFO ] 2020-03-17 12:34:17.316 [main] Log - Выполнили скрипт для открытия новой вкладки для Gmail
[INFO ] 2020-03-17 12:34:19.306 [main] Log - Ввели имя пользователя на странице логина Gmail
[INFO ] 2020-03-17 12:34:20.103 [main] Log - Нажали на кнопку Next
[INFO ] 2020-03-17 12:34:20.640 [main] Log - Ввели пароль на странице логина Gmail
[INFO ] 2020-03-17 12:34:20.935 [main] Log - Нажали кнопку Войти на странице логина LinkedIn
[INFO ] 2020-03-17 12:36:18.846 [main] Log - Модуль чтения excel-файлов подключен
[INFO ] 2020-03-17 12:36:20.700 [main] Log - RemoteWebDriver инициализировали
[INFO ] 2020-03-17 12:36:21.204 [main] Log - Установили заданный размер окна браузера
[INFO ] 2020-03-17 12:36:28.794 [main] Log - Открыли страницу Kufar
[INFO ] 2020-03-17 12:36:30.526 [main] Log - Нашли поле поиска
[INFO ] 2020-03-17 12:36:35.233 [main] Log - Выполнили скрипт для открытия новой вкладки для Gmail
[INFO ] 2020-03-17 12:36:37.683 [main] Log - Ввели имя пользователя на странице логина Gmail
[INFO ] 2020-03-17 12:36:38.430 [main] Log - Нажали на кнопку Next
[INFO ] 2020-03-17 12:36:38.977 [main] Log - Ввели пароль на странице логина Gmail
[INFO ] 2020-03-17 12:36:39.169 [main] Log - Нажали на кнопку Next
[INFO ] 2020-03-17 17:47:21.868 [main] Log - Модуль чтения excel-файлов подключен
[INFO ] 2020-03-17 17:47:25.219 [main] Log - RemoteWebDriver инициализировали
[INFO ] 2020-03-17 17:47:25.341 [main] Log - Установили заданный размер окна браузера
[INFO ] 2020-03-17 17:47:32.945 [main] Log - Открыли страницу Kufar
[INFO ] 2020-03-17 17:47:33.696 [main] Log - Нашли поле поиска
[INFO ] 2020-03-17 17:47:38.772 [main] Log - Выполнили скрипт для открытия новой вкладки для Gmail
[INFO ] 2020-03-17 17:47:40.860 [main] Log - Ввели имя пользователя на странице логина Gmail
[INFO ] 2020-03-17 17:47:58.189 [main] Log - Открыли страницу Kufar
[INFO ] 2020-03-17 17:47:59.564 [main] Log - Нашли поле поиска
[INFO ] 2020-03-17 17:48:04.663 [main] Log - Выполнили скрипт для открытия новой вкладки для Gmail
[INFO ] 2020-03-18 11:22:50.627 [main] Log - Модуль чтения excel-файлов подключен
[INFO ] 2020-03-18 11:22:53.954 [main] Log - RemoteWebDriver инициализировали
[INFO ] 2020-03-18 11:22:54.102 [main] Log - Установили заданный размер окна браузера
[INFO ] 2020-03-18 11:23:01.308 [main] Log - Открыли страницу Kufar
[INFO ] 2020-03-18 11:23:02.357 [main] Log - Нашли поле поиска
[INFO ] 2020-03-18 11:23:07.374 [main] Log - Выполнили скрипт для открытия новой вкладки для Gmail
[INFO ] 2020-03-18 11:23:09.684 [main] Log - Ввели имя пользователя на странице логина Gmail
[INFO ] 2020-03-18 11:23:10.574 [main] Log - Нажали на кнопку Next
[INFO ] 2020-03-18 11:23:11.279 [main] Log - Ввели пароль на странице логина Gmail
[INFO ] 2020-03-18 11:23:11.571 [main] Log - Нажали на кнопку Next
[INFO ] 2020-03-18 11:27:20.561 [main] Log - Модуль чтения excel-файлов подключен
[INFO ] 2020-03-18 11:27:22.328 [main] Log - RemoteWebDriver инициализировали
[INFO ] 2020-03-18 11:27:22.452 [main] Log - Установили заданный размер окна браузера
[INFO ] 2020-03-18 11:27:29.770 [main] Log - Открыли страницу Kufar
[INFO ] 2020-03-18 11:27:30.913 [main] Log - Нашли поле поиска
[INFO ] 2020-03-18 11:27:31.635 [main] Log - Ввели поисковый запрос
[INFO ] 2020-03-18 11:27:34.795 [main] Log - Выполнили скрипт для открытия новой вкладки для Mail.ru
[INFO ] 2020-03-18 11:27:37.335 [main] Log - Ввели имя пользователя на странице логина Mail.ru
[INFO ] 2020-03-18 11:27:38.132 [main] Log - Нажали на кнопку Ввести пароль
[INFO ] 2020-03-18 11:27:38.616 [main] Log - Ввели пароль на странице логина Mail.ru
[INFO ] 2020-03-18 11:27:38.920 [main] Log - Нажали на кнопку Войти
[INFO ] 2020-03-18 12:39:45.393 [main] Log - Модуль чтения excel-файлов подключен
[INFO ] 2020-03-18 12:39:49.556 [main] Log - RemoteWebDriver инициализирован
[INFO ] 2020-03-18 12:39:49.845 [main] Log - Установили заданный размер окна браузера
[INFO ] 2020-03-18 12:39:57.303 [main] Log - Открыли страницу Kufar
[INFO ] 2020-03-18 12:39:57.984 [main] Log - Нашли поле поиска
[INFO ] 2020-03-18 12:39:58.406 [main] Log - Ввели поисковый запрос
[INFO ] 2020-03-18 12:40:04.488 [main] Log - Открыли страницу Kufar
[INFO ] 2020-03-18 12:40:05.144 [main] Log - Нашли поле поиска
[INFO ] 2020-03-18 12:40:06.083 [main] Log - Ввели поисковый запрос
[INFO ] 2020-03-18 12:42:21.625 [main] Log - Модуль чтения excel-файлов подключен
[INFO ] 2020-03-18 12:42:24.302 [main] Log - RemoteWebDriver инициализирован
[INFO ] 2020-03-18 12:42:24.436 [main] Log - Установили заданный размер окна браузера
[INFO ] 2020-03-18 12:42:31.682 [main] Log - Открыли страницу Kufar
[INFO ] 2020-03-18 12:42:33.171 [main] Log - Нашли поле поиска
[INFO ] 2020-03-18 12:42:34.086 [main] Log - Ввели поисковый запрос
[INFO ] 2020-03-18 12:42:36.157 [main] Log - Нашли категорию Станки и оборудование
[INFO ] 2020-03-18 12:42:37.060 [main] Log - Кликнули по ссылке Станки и оборудование
[INFO ] 2020-03-18 12:44:44.754 [main] Log - Модуль чтения excel-файлов подключен
[INFO ] 2020-03-18 12:44:47.011 [main] Log - RemoteWebDriver инициализирован
[INFO ] 2020-03-18 12:44:47.138 [main] Log - Установили заданный размер окна браузера
[INFO ] 2020-03-18 12:44:54.507 [main] Log - Открыли страницу Kufar
[INFO ] 2020-03-18 12:44:55.156 [main] Log - Нашли поле поиска
[INFO ] 2020-03-18 12:44:56.432 [main] Log - Ввели поисковый запрос
[INFO ] 2020-03-18 12:44:58.866 [main] Log - Нашли категорию Станки и оборудование
[INFO ] 2020-03-18 12:44:59.238 [main] Log - Кликнули по ссылке Станки и оборудование
[INFO ] 2020-03-18 12:45:05.883 [main] Log - Открыли страницу Kufar
[INFO ] 2020-03-18 12:45:07.813 [main] Log - Нашли поле поиска
[INFO ] 2020-03-18 12:45:08.421 [main] Log - Ввели поисковый запрос
[INFO ] 2020-03-18 12:45:10.461 [main] Log - Нашли категорию Станки и оборудование
[INFO ] 2020-03-18 12:45:10.811 [main] Log - Кликнули по ссылке Станки и оборудование
[INFO ] 2020-03-18 12:46:59.572 [main] Log - Модуль чтения excel-файлов подключен
[INFO ] 2020-03-18 12:47:02.334 [main] Log - RemoteWebDriver инициализирован
[INFO ] 2020-03-18 12:47:02.459 [main] Log - Установили заданный размер окна браузера
[INFO ] 2020-03-18 12:47:10.953 [main] Log - Открыли страницу Kufar
[INFO ] 2020-03-18 12:47:12.228 [main] Log - Нашли поле поиска
[INFO ] 2020-03-18 12:47:12.399 [main] Log - Ввели поисковый запрос
[INFO ] 2020-03-18 12:47:14.423 [main] Log - Нашли категорию Станки и оборудование
[INFO ] 2020-03-18 12:47:14.767 [main] Log - Кликнули по ссылке Станки и оборудование
[INFO ] 2020-03-18 12:48:01.863 [main] Log - Модуль чтения excel-файлов подключен
[INFO ] 2020-03-18 12:48:03.706 [main] Log - RemoteWebDriver инициализирован
[INFO ] 2020-03-18 12:48:03.828 [main] Log - Установили заданный размер окна браузера
[INFO ] 2020-03-18 12:48:11.421 [main] Log - Открыли страницу Kufar
[INFO ] 2020-03-18 12:48:11.994 [main] Log - Нашли поле поиска
[INFO ] 2020-03-18 12:48:12.429 [main] Log - Ввели поисковый запрос
[INFO ] 2020-03-18 12:48:17.700 [main] Log - Нашли категорию Станки и оборудование
[INFO ] 2020-03-18 12:48:18.179 [main] Log - Кликнули по ссылке Станки и оборудование
[INFO ] 2020-03-18 12:49:04.590 [main] Log - Модуль чтения excel-файлов подключен
[INFO ] 2020-03-18 12:49:06.756 [main] Log - RemoteWebDriver инициализирован
[INFO ] 2020-03-18 12:49:06.879 [main] Log - Установили заданный размер окна браузера
[INFO ] 2020-03-18 12:49:14.471 [main] Log - Открыли страницу Kufar
[INFO ] 2020-03-18 12:49:14.925 [main] Log - Нашли поле поиска
[INFO ] 2020-03-18 12:49:15.479 [main] Log - Ввели поисковый запрос
[INFO ] 2020-03-18 12:49:17.765 [main] Log - Нашли категорию Станки и оборудование
[INFO ] 2020-03-18 12:49:18.106 [main] Log - Кликнули по ссылке Станки и оборудование
[INFO ] 2020-03-18 14:03:09.265 [main] Log - Модуль чтения excel-файлов подключен
[INFO ] 2020-03-18 14:03:13.328 [main] Log - RemoteWebDriver инициализирован
[INFO ] 2020-03-18 14:03:13.456 [main] Log - Установили заданный размер окна браузера
[INFO ] 2020-03-18 14:03:21.117 [main] Log - Открыли страницу Kufar
[INFO ] 2020-03-18 14:03:22.794 [main] Log - Нашли поле поиска
[INFO ] 2020-03-18 14:03:24.063 [main] Log - Ввели поисковый запрос
[INFO ] 2020-03-18 14:03:26.105 [main] Log - Нашли категорию Станки и оборудование
[INFO ] 2020-03-18 14:03:26.426 [main] Log - Кликнули по ссылке Станки и оборудование
[INFO ] 2020-03-18 14:03:54.854 [main] Log - Модуль чтения excel-файлов подключен
[INFO ] 2020-03-18 14:03:56.647 [main] Log - RemoteWebDriver инициализирован
[INFO ] 2020-03-18 14:03:56.773 [main] Log - Установили заданный размер окна браузера
[INFO ] 2020-03-18 14:04:05.010 [main] Log - Открыли страницу Kufar
[INFO ] 2020-03-18 14:04:05.913 [main] Log - Нашли поле поиска
[INFO ] 2020-03-18 14:04:06.029 [main] Log - Ввели поисковый запрос
[INFO ] 2020-03-18 14:04:08.048 [main] Log - Нашли категорию Станки и оборудование
[INFO ] 2020-03-18 14:04:08.341 [main] Log - Кликнули по ссылке Станки и оборудование
[INFO ] 2020-03-18 14:04:35.494 [main] Log - Модуль чтения excel-файлов подключен
[INFO ] 2020-03-18 14:04:38.353 [main] Log - RemoteWebDriver инициализирован
[INFO ] 2020-03-18 14:04:38.799 [main] Log - Установили заданный размер окна браузера
[INFO ] 2020-03-18 14:04:46.384 [main] Log - Открыли страницу Kufar
[INFO ] 2020-03-18 14:04:47.380 [main] Log - Нашли поле поиска
[INFO ] 2020-03-18 14:04:47.864 [main] Log - Ввели поисковый запрос
[INFO ] 2020-03-18 14:04:49.906 [main] Log - Нашли категорию Станки и оборудование
[INFO ] 2020-03-18 14:04:50.227 [main] Log - Кликнули по ссылке Станки и оборудование
[INFO ] 2020-03-18 14:06:12.637 [main] Log - Модуль чтения excel-файлов подключен
[INFO ] 2020-03-18 14:06:14.687 [main] Log - RemoteWebDriver инициализирован
[INFO ] 2020-03-18 14:06:14.813 [main] Log - Установили заданный размер окна браузера
[INFO ] 2020-03-18 14:06:22.968 [main] Log - Открыли страницу Kufar
[INFO ] 2020-03-18 14:06:24.223 [main] Log - Нашли поле поиска
[INFO ] 2020-03-18 14:06:24.790 [main] Log - Ввели поисковый запрос
[INFO ] 2020-03-18 14:06:26.862 [main] Log - Нашли категорию Станки и оборудование
[INFO ] 2020-03-18 14:06:27.491 [main] Log - Кликнули по ссылке Станки и оборудование
[INFO ] 2020-03-18 14:08:19.757 [main] Log - Модуль чтения excel-файлов подключен
[INFO ] 2020-03-18 14:08:21.307 [main] Log - RemoteWebDriver инициализирован
[INFO ] 2020-03-18 14:08:21.429 [main] Log - Установили заданный размер окна браузера
[INFO ] 2020-03-18 14:08:33.265 [main] Log - Открыли страницу Kufar
[INFO ] 2020-03-18 14:08:34.095 [main] Log - Нашли поле поиска
[INFO ] 2020-03-18 14:08:34.308 [main] Log - Ввели поисковый запрос
[INFO ] 2020-03-18 14:08:38.904 [main] Log - Нашли категорию Станки и оборудование
[INFO ] 2020-03-18 14:08:39.195 [main] Log - Кликнули по ссылке Станки и оборудование
[INFO ] 2020-03-18 14:09:14.520 [main] Log - Модуль чтения excel-файлов подключен
[INFO ] 2020-03-18 14:09:16.595 [main] Log - RemoteWebDriver инициализирован
[INFO ] 2020-03-18 14:09:16.724 [main] Log - Установили заданный размер окна браузера
[INFO ] 2020-03-18 14:09:23.482 [main] Log - Открыли страницу Kufar
[INFO ] 2020-03-18 14:09:23.782 [main] Log - Нашли поле поиска
[INFO ] 2020-03-18 14:09:23.926 [main] Log - Ввели поисковый запрос
[INFO ] 2020-03-18 14:10:04.331 [main] Log - Модуль чтения excel-файлов подключен
[INFO ] 2020-03-18 14:10:06.449 [main] Log - RemoteWebDriver инициализирован
[INFO ] 2020-03-18 14:10:06.572 [main] Log - Установили заданный размер окна браузера
[INFO ] 2020-03-18 14:10:13.867 [main] Log - Открыли страницу Kufar
[INFO ] 2020-03-18 14:10:15.532 [main] Log - Нашли поле поиска
[INFO ] 2020-03-18 14:10:16.411 [main] Log - Ввели поисковый запрос
[INFO ] 2020-03-18 14:10:18.522 [main] Log - Нашли категорию Станки и оборудование
[INFO ] 2020-03-18 14:10:19.035 [main] Log - Кликнули по ссылке Станки и оборудование
[INFO ] 2020-03-18 14:30:54.566 [main] Log - Модуль чтения excel-файлов подключен
[INFO ] 2020-03-18 14:30:59.386 [main] Log - RemoteWebDriver инициализирован
[INFO ] 2020-03-18 14:30:59.513 [main] Log - Установили заданный размер окна браузера
[INFO ] 2020-03-18 14:31:07.735 [main] Log - Открыли страницу Kufar
[INFO ] 2020-03-18 14:31:08.246 [main] Log - Нашли поле поиска
[INFO ] 2020-03-18 14:31:08.988 [main] Log - Ввели поисковый запрос
[INFO ] 2020-03-18 14:31:11.257 [main] Log - Нашли категорию Станки и оборудование
[INFO ] 2020-03-18 14:31:11.574 [main] Log - Кликнули по ссылке Станки и оборудование
[INFO ] 2020-03-18 14:50:37.662 [main] Log - Модуль чтения excel-файлов подключен
[INFO ] 2020-03-18 14:50:39.525 [main] Log - RemoteWebDriver инициализирован
[INFO ] 2020-03-18 14:50:39.649 [main] Log - Установили заданный размер окна браузера
[INFO ] 2020-03-18 14:50:46.633 [main] Log - Открыли страницу Kufar
[INFO ] 2020-03-18 14:50:47.769 [main] Log - Нашли поле поиска
[INFO ] 2020-03-18 14:50:48.878 [main] Log - Ввели поисковый запрос
[INFO ] 2020-03-18 14:50:51.120 [main] Log - Нашли категорию Станки и оборудование
[INFO ] 2020-03-18 14:50:51.519 [main] Log - Кликнули по ссылке Станки и оборудование
[INFO ] 2020-03-18 14:50:58.197 [main] Log - Выполнили скрипт для открытия новой вкладки для Mail.ru
[INFO ] 2020-03-18 14:56:57.263 [main] Log - Модуль чтения excel-файлов подключен
[INFO ] 2020-03-18 14:56:59.315 [main] Log - RemoteWebDriver инициализирован
[INFO ] 2020-03-18 14:56:59.442 [main] Log - Установили заданный размер окна браузера
[INFO ] 2020-03-18 14:57:07.440 [main] Log - Открыли страницу Kufar
[INFO ] 2020-03-18 14:57:08.287 [main] Log - Нашли поле поиска
[INFO ] 2020-03-18 14:57:09.240 [main] Log - Ввели поисковый запрос
[INFO ] 2020-03-18 14:57:11.292 [main] Log - Нашли категорию Станки и оборудование
[INFO ] 2020-03-18 14:57:11.627 [main] Log - Кликнули по ссылке Станки и оборудование
[INFO ] 2020-03-18 15:20:46.977 [main] Log - Модуль чтения excel-файлов подключен
[INFO ] 2020-03-18 15:20:48.633 [main] Log - RemoteWebDriver инициализирован
[INFO ] 2020-03-18 15:20:48.757 [main] Log - Установили заданный размер окна браузера
[INFO ] 2020-03-18 15:20:56.129 [main] Log - Открыли страницу Kufar
[INFO ] 2020-03-18 15:20:56.590 [main] Log - Нашли поле поиска
[INFO ] 2020-03-18 15:20:57.834 [main] Log - Ввели поисковый запрос
[INFO ] 2020-03-18 15:20:59.874 [main] Log - Нашли категорию Станки и оборудование
[INFO ] 2020-03-18 15:21:00.225 [main] Log - Кликнули по ссылке Станки и оборудование
[INFO ] 2020-03-18 15:21:06.837 [main] Log - Выполнили скрипт для открытия новой вкладки для Mail.ru
[INFO ] 2020-03-18 15:52:59.153 [main] Log - Модуль чтения excel-файлов подключен
[INFO ] 2020-03-18 15:53:03.342 [main] Log - RemoteWebDriver инициализирован
[INFO ] 2020-03-18 15:53:03.470 [main] Log - Установили заданный размер окна браузера
[INFO ] 2020-03-18 15:53:11.174 [main] Log - Открыли страницу Kufar
[INFO ] 2020-03-18 15:53:11.995 [main] Log - Нашли поле поиска
[INFO ] 2020-03-18 15:53:12.187 [main] Log - Ввели поисковый запрос
[INFO ] 2020-03-18 15:53:14.492 [main] Log - Нашли категорию Станки и оборудование
[INFO ] 2020-03-18 15:53:14.877 [main] Log - Кликнули по ссылке Станки и оборудование
[INFO ] 2020-03-18 15:54:03.958 [main] Log - Модуль чтения excel-файлов подключен
[INFO ] 2020-03-18 15:54:06.114 [main] Log - RemoteWebDriver инициализирован
[INFO ] 2020-03-18 15:54:06.242 [main] Log - Установили заданный размер окна браузера
[INFO ] 2020-03-18 15:54:13.303 [main] Log - Открыли страницу Kufar
[INFO ] 2020-03-18 15:54:14.009 [main] Log - Нашли поле поиска
[INFO ] 2020-03-18 15:54:14.197 [main] Log - Ввели поисковый запрос
[INFO ] 2020-03-18 15:54:16.325 [main] Log - Нашли категорию Станки и оборудование
[INFO ] 2020-03-18 15:54:16.715 [main] Log - Кликнули по ссылке Станки и оборудование
[INFO ] 2020-03-18 15:58:59.179 [main] Log - Модуль чтения excel-файлов подключен
[INFO ] 2020-03-18 15:59:01.423 [main] Log - RemoteWebDriver инициализирован
[INFO ] 2020-03-18 15:59:01.544 [main] Log - Установили заданный размер окна браузера
[INFO ] 2020-03-18 15:59:08.706 [main] Log - Открыли страницу Kufar
[INFO ] 2020-03-18 15:59:09.525 [main] Log - Нашли поле поиска
[INFO ] 2020-03-18 15:59:09.938 [main] Log - Ввели поисковый запрос
[INFO ] 2020-03-18 15:59:12.214 [main] Log - Нашли категорию Станки и оборудование
[INFO ] 2020-03-18 15:59:13.098 [main] Log - Кликнули по ссылке Станки и оборудование
[INFO ] 2020-03-18 15:59:20.323 [main] Log - Выполнили скрипт для открытия новой вкладки для Mail.ru
[INFO ] 2020-03-18 15:59:47.947 [main] Log - Модуль чтения excel-файлов подключен
[INFO ] 2020-03-18 15:59:50.009 [main] Log - RemoteWebDriver инициализирован
[INFO ] 2020-03-18 15:59:50.146 [main] Log - Установили заданный размер окна браузера
[INFO ] 2020-03-18 15:59:59.676 [main] Log - Открыли страницу Kufar
[INFO ] 2020-03-18 16:00:00.046 [main] Log - Нашли поле поиска
[INFO ] 2020-03-18 16:00:00.237 [main] Log - Ввели поисковый запрос
[INFO ] 2020-03-18 16:00:07.102 [main] Log - Нашли категорию Станки и оборудование
[INFO ] 2020-03-18 16:00:07.600 [main] Log - Кликнули по ссылке Станки и оборудование
[INFO ] 2020-03-18 16:02:32.377 [main] Log - Модуль чтения excel-файлов подключен
[INFO ] 2020-03-18 16:02:34.327 [main] Log - RemoteWebDriver инициализирован
[INFO ] 2020-03-18 16:02:34.457 [main] Log - Установили заданный размер окна браузера
[INFO ] 2020-03-18 16:02:42.095 [main] Log - Открыли страницу Kufar
[INFO ] 2020-03-18 16:02:42.651 [main] Log - Нашли поле поиска
[INFO ] 2020-03-18 16:02:44.596 [main] Log - Ввели поисковый запрос
[INFO ] 2020-03-18 16:02:47.260 [main] Log - Нашли категорию Станки и оборудование
[INFO ] 2020-03-18 16:02:47.543 [main] Log - Кликнули по ссылке Станки и оборудование
